<?xml version="1.0" encoding="UTF-8"?>
<coverage generated="1770726231063" clover="3.2.0">
  <project timestamp="1770726231064" name="All files">
    <metrics statements="36" coveredstatements="28" conditionals="10" coveredconditionals="7" methods="12" coveredmethods="9" elements="58" coveredelements="44" complexity="0" loc="36" ncloc="36" packages="1" files="2" classes="2"/>
    <file name="Blog.jsx" path="/home/toenarhi/fullstack_palatukset/osa5/bloglist-frontend/src/components/Blog.jsx">
      <metrics statements="20" coveredstatements="15" conditionals="10" coveredconditionals="7" methods="5" coveredmethods="3"/>
      <line num="3" count="1" type="stmt"/>
      <line num="4" count="8" type="stmt"/>
      <line num="11" count="8" type="stmt"/>
      <line num="12" count="8" type="cond" truecount="2" falsecount="0"/>
      <line num="13" count="8" type="cond" truecount="2" falsecount="0"/>
      <line num="14" count="8" type="stmt"/>
      <line num="15" count="8" type="cond" truecount="1" falsecount="1"/>
      <line num="16" count="8" type="stmt"/>
      <line num="20" count="8" type="stmt"/>
      <line num="21" count="2" type="stmt"/>
      <line num="22" count="2" type="stmt"/>
      <line num="29" count="2" type="stmt"/>
      <line num="32" count="8" type="stmt"/>
      <line num="33" count="0" type="stmt"/>
      <line num="34" count="0" type="cond" truecount="0" falsecount="2"/>
      <line num="35" count="0" type="stmt"/>
      <line num="38" count="0" type="stmt"/>
      <line num="42" count="8" type="stmt"/>
      <line num="47" count="2" type="stmt"/>
      <line num="50" count="0" type="stmt"/>
    </file>
    <file name="BlogForm.jsx" path="/home/toenarhi/fullstack_palatukset/osa5/bloglist-frontend/src/components/BlogForm.jsx">
      <metrics statements="16" coveredstatements="13" conditionals="0" coveredconditionals="0" methods="7" coveredmethods="6"/>
      <line num="3" count="1" type="stmt"/>
      <line num="4" count="71" type="stmt"/>
      <line num="5" count="71" type="stmt"/>
      <line num="6" count="71" type="stmt"/>
      <line num="9" count="0" type="stmt"/>
      <line num="10" count="0" type="stmt"/>
      <line num="11" count="0" type="stmt"/>
      <line num="14" count="71" type="stmt"/>
      <line num="15" count="71" type="stmt"/>
      <line num="18" count="71" type="stmt"/>
      <line num="19" count="1" type="stmt"/>
      <line num="20" count="1" type="stmt"/>
      <line num="28" count="71" type="stmt"/>
      <line num="34" count="8" type="stmt"/>
      <line num="37" count="52" type="stmt"/>
      <line num="40" count="10" type="stmt"/>
    </file>
  </project>
</coverage>
