{"/home/toenarhi/fullstack_palatukset/osa5/bloglist-frontend/src/components/Blog.jsx": {"path":"/home/toenarhi/fullstack_palatukset/osa5/bloglist-frontend/src/components/Blog.jsx","statementMap":{"0":{"start":{"line":3,"column":13},"end":{"line":58,"column":null}},"1":{"start":{"line":4,"column":20},"end":{"line":10,"column":null}},"2":{"start":{"line":11,"column":43},"end":{"line":11,"column":null}},"3":{"start":{"line":12,"column":26},"end":{"line":12,"column":null}},"4":{"start":{"line":13,"column":26},"end":{"line":13,"column":null}},"5":{"start":{"line":14,"column":35},"end":{"line":14,"column":null}},"6":{"start":{"line":15,"column":19},"end":{"line":15,"column":null}},"7":{"start":{"line":16,"column":24},"end":{"line":16,"column":null}},"8":{"start":{"line":20,"column":19},"end":{"line":30,"column":null}},"9":{"start":{"line":21,"column":4},"end":{"line":21,"column":null}},"10":{"start":{"line":22,"column":4},"end":{"line":28,"column":null}},"11":{"start":{"line":29,"column":4},"end":{"line":29,"column":null}},"12":{"start":{"line":32,"column":21},"end":{"line":40,"column":null}},"13":{"start":{"line":33,"column":26},"end":{"line":33,"column":null}},"14":{"start":{"line":34,"column":4},"end":{"line":39,"column":null}},"15":{"start":{"line":35,"column":6},"end":{"line":37,"column":null}},"16":{"start":{"line":38,"column":6},"end":{"line":38,"column":null}},"17":{"start":{"line":42,"column":2},"end":{"line":56,"column":null}},"18":{"start":{"line":47,"column":33},"end":{"line":47,"column":61}},"19":{"start":{"line":50,"column":33},"end":{"line":50,"column":62}}},"fnMap":{"0":{"name":"(anonymous_0)","decl":{"start":{"line":3,"column":13},"end":{"line":3,"column":14}},"loc":{"start":{"line":3,"column":54},"end":{"line":58,"column":null}},"line":3},"1":{"name":"(anonymous_1)","decl":{"start":{"line":20,"column":19},"end":{"line":20,"column":25}},"loc":{"start":{"line":20,"column":25},"end":{"line":30,"column":null}},"line":20},"2":{"name":"(anonymous_2)","decl":{"start":{"line":32,"column":21},"end":{"line":32,"column":27}},"loc":{"start":{"line":32,"column":27},"end":{"line":40,"column":null}},"line":32},"3":{"name":"(anonymous_3)","decl":{"start":{"line":47,"column":27},"end":{"line":47,"column":33}},"loc":{"start":{"line":47,"column":33},"end":{"line":47,"column":61}},"line":47},"4":{"name":"(anonymous_4)","decl":{"start":{"line":50,"column":27},"end":{"line":50,"column":33}},"loc":{"start":{"line":50,"column":33},"end":{"line":50,"column":62}},"line":50}},"branchMap":{"0":{"loc":{"start":{"line":12,"column":37},"end":{"line":12,"column":64}},"type":"cond-expr","locations":[{"start":{"line":12,"column":52},"end":{"line":12,"column":61}},{"start":{"line":12,"column":61},"end":{"line":12,"column":64}}],"line":12},"1":{"loc":{"start":{"line":13,"column":37},"end":{"line":13,"column":64}},"type":"cond-expr","locations":[{"start":{"line":13,"column":52},"end":{"line":13,"column":57}},{"start":{"line":13,"column":57},"end":{"line":13,"column":64}}],"line":13},"2":{"loc":{"start":{"line":15,"column":30},"end":{"line":15,"column":56}},"type":"cond-expr","locations":[{"start":{"line":15,"column":44},"end":{"line":15,"column":49}},{"start":{"line":15,"column":49},"end":{"line":15,"column":56}}],"line":15},"3":{"loc":{"start":{"line":34,"column":4},"end":{"line":39,"column":null}},"type":"if","locations":[{"start":{"line":34,"column":4},"end":{"line":39,"column":null}},{"start":{},"end":{}}],"line":34},"4":{"loc":{"start":{"line":52,"column":11},"end":{"line":53,"column":null}},"type":"binary-expr","locations":[{"start":{"line":52,"column":11},"end":{"line":52,"column":51}},{"start":{"line":52,"column":51},"end":{"line":53,"column":null}}],"line":52}},"s":{"0":1,"1":8,"2":8,"3":8,"4":8,"5":8,"6":8,"7":8,"8":8,"9":2,"10":2,"11":2,"12":8,"13":0,"14":0,"15":0,"16":0,"17":8,"18":2,"19":0},"f":{"0":8,"1":2,"2":0,"3":2,"4":0},"b":{"0":[4,4],"1":[4,4],"2":[8,0],"3":[0,0],"4":[8,8]},"meta":{"lastBranch":5,"lastFunction":5,"lastStatement":20,"seen":{"s:3:13:58:Infinity":0,"f:3:13:3:14":0,"s:4:20:10:Infinity":1,"s:11:43:11:Infinity":2,"s:12:26:12:Infinity":3,"b:12:52:12:61:12:61:12:64":0,"s:13:26:13:Infinity":4,"b:13:52:13:57:13:57:13:64":1,"s:14:35:14:Infinity":5,"s:15:19:15:Infinity":6,"b:15:44:15:49:15:49:15:56":2,"s:16:24:16:Infinity":7,"s:20:19:30:Infinity":8,"f:20:19:20:25":1,"s:21:4:21:Infinity":9,"s:22:4:28:Infinity":10,"s:29:4:29:Infinity":11,"s:32:21:40:Infinity":12,"f:32:21:32:27":2,"s:33:26:33:Infinity":13,"b:34:4:39:Infinity:undefined:undefined:undefined:undefined":3,"s:34:4:39:Infinity":14,"s:35:6:37:Infinity":15,"s:38:6:38:Infinity":16,"s:42:2:56:Infinity":17,"f:47:27:47:33":3,"s:47:33:47:61":18,"f:50:27:50:33":4,"s:50:33:50:62":19,"b:52:11:52:51:52:51:53:Infinity":4}}}
,"/home/toenarhi/fullstack_palatukset/osa5/bloglist-frontend/src/components/BlogForm.jsx": {"path":"/home/toenarhi/fullstack_palatukset/osa5/bloglist-frontend/src/components/BlogForm.jsx","statementMap":{"0":{"start":{"line":3,"column":17},"end":{"line":45,"column":null}},"1":{"start":{"line":4,"column":32},"end":{"line":4,"column":null}},"2":{"start":{"line":5,"column":28},"end":{"line":5,"column":null}},"3":{"start":{"line":6,"column":26},"end":{"line":6,"column":null}},"4":{"start":{"line":9,"column":4},"end":{"line":9,"column":null}},"5":{"start":{"line":10,"column":4},"end":{"line":10,"column":null}},"6":{"start":{"line":11,"column":4},"end":{"line":11,"column":null}},"7":{"start":{"line":14,"column":2},"end":{"line":16,"column":null}},"8":{"start":{"line":15,"column":4},"end":{"line":15,"column":null}},"9":{"start":{"line":18,"column":18},"end":{"line":26,"column":null}},"10":{"start":{"line":19,"column":4},"end":{"line":19,"column":null}},"11":{"start":{"line":20,"column":4},"end":{"line":24,"column":null}},"12":{"start":{"line":28,"column":2},"end":{"line":44,"column":null}},"13":{"start":{"line":34,"column":54},"end":{"line":34,"column":88}},"14":{"start":{"line":37,"column":52},"end":{"line":37,"column":84}},"15":{"start":{"line":40,"column":51},"end":{"line":40,"column":82}}},"fnMap":{"0":{"name":"(anonymous_0)","decl":{"start":{"line":3,"column":17},"end":{"line":3,"column":18}},"loc":{"start":{"line":3,"column":41},"end":{"line":45,"column":null}},"line":3},"1":{"name":"resetFields","decl":{"start":{"line":8,"column":11},"end":{"line":8,"column":25}},"loc":{"start":{"line":8,"column":25},"end":{"line":12,"column":null}},"line":8},"2":{"name":"(anonymous_2)","decl":{"start":{"line":14,"column":27},"end":{"line":14,"column":33}},"loc":{"start":{"line":14,"column":33},"end":{"line":16,"column":3}},"line":14},"3":{"name":"(anonymous_3)","decl":{"start":{"line":18,"column":18},"end":{"line":18,"column":19}},"loc":{"start":{"line":18,"column":29},"end":{"line":26,"column":null}},"line":18},"4":{"name":"(anonymous_4)","decl":{"start":{"line":34,"column":45},"end":{"line":34,"column":54}},"loc":{"start":{"line":34,"column":54},"end":{"line":34,"column":88}},"line":34},"5":{"name":"(anonymous_5)","decl":{"start":{"line":37,"column":43},"end":{"line":37,"column":52}},"loc":{"start":{"line":37,"column":52},"end":{"line":37,"column":84}},"line":37},"6":{"name":"(anonymous_6)","decl":{"start":{"line":40,"column":42},"end":{"line":40,"column":51}},"loc":{"start":{"line":40,"column":51},"end":{"line":40,"column":82}},"line":40}},"branchMap":{},"s":{"0":1,"1":71,"2":71,"3":71,"4":0,"5":0,"6":0,"7":71,"8":71,"9":71,"10":1,"11":1,"12":71,"13":8,"14":52,"15":10},"f":{"0":71,"1":0,"2":71,"3":1,"4":8,"5":52,"6":10},"b":{},"meta":{"lastBranch":0,"lastFunction":7,"lastStatement":16,"seen":{"s:3:17:45:Infinity":0,"f:3:17:3:18":0,"s:4:32:4:Infinity":1,"s:5:28:5:Infinity":2,"s:6:26:6:Infinity":3,"f:8:11:8:25":1,"s:9:4:9:Infinity":4,"s:10:4:10:Infinity":5,"s:11:4:11:Infinity":6,"s:14:2:16:Infinity":7,"f:14:27:14:33":2,"s:15:4:15:Infinity":8,"s:18:18:26:Infinity":9,"f:18:18:18:19":3,"s:19:4:19:Infinity":10,"s:20:4:24:Infinity":11,"s:28:2:44:Infinity":12,"f:34:45:34:54":4,"s:34:54:34:88":13,"f:37:43:37:52":5,"s:37:52:37:84":14,"f:40:42:40:51":6,"s:40:51:40:82":15}}}
}
